


ARM Macro Assembler    Page 1 


    1 00000000 400FE608 
                       SYSCTL_RCGCGPIO_R
                               EQU              0x400FE608  ; INICIO DEL RELOJ
    2 00000000 40025528 
                       GPIO_PORTF_AMSEL_R
                               EQU              0x40025528  ; ELIMINA EL ANALOG
                                                            O DEL PUERTO F
    3 00000000 4002552C 
                       GPIO_PORTF_PCTL_R
                               EQU              0x4002552C  ; CONFIGURACION GPI
                                                            O
    4 00000000 40025400 
                       GPIO_PORTF_DIR_R
                               EQU              0x40025400  ; DIRECCION DEL REG
                                                            ISTRO
    5 00000000 40025420 
                       GPIO_PORTF_AFSEL_R
                               EQU              0x40025420  ; ELIMINA CUALQUIER
                                                             OTRA SEÒAL DEL PUE
                                                            RTO
    6 00000000 4002551C 
                       GPIO_PORTF_DEN_R
                               EQU              0x4002551C  ; PUERTOS DIGITALES
                                                            
    7 00000000 40025008 
                       PF1     EQU              0x40025008  ; HABILITACION DEL 
                                                            PUERTO F1
    8 00000000         
    9 00000000                 AREA             codigo, CODE, READONLY, ALIGN=2
   10 00000000                 THUMB                        ; ES ELQUE DEFINE E
                                                            L USO DE LAS INSTRU
                                                            CCIONES
   11 00000000         
   12 00000000                 EXPORT           Start       ;DECLARACION DE Sta
                                                            rt COMO GLOBAL
   13 00000000         
   14 00000000         Start                                ;PUNTO DE ENTRADA A
                                                             PARTIR DEL STARTUP
                                                            
   15 00000000         ;PASO 1: ACTIVACION DEL RELOJ PARA PUERTO F
   16 00000000 4912            LDR              R1, =SYSCTL_RCGCGPIO_R
   17 00000002 6808            LDR              R0, [R1]
   18 00000004 F040 0002       ORR              R0, R0,#0x02
   19 00000008 6008            STR              R0, [R1]
   20 0000000A BF00            NOP
   21 0000000C BF00            NOP
   22 0000000E         ;PASO 2: DESBLOQUEO DE PINES. EN ESTE CASO LOS PINES EST
                       AN LIBRES
   23 0000000E         ;EN ESTE PROGRAMA NO HAY PINES QUE NECESITEN DESBLOQUEO
   24 0000000E         ;PASO 3: DESHABILITAR FUNCION ANALOGICA
   25 0000000E 4910            LDR              R1, =GPIO_PORTF_AMSEL_R
   26 00000010 6808            LDR              R0, [R1]
   27 00000012 F020 0002       BIC              R0, R0,#0x02
   28 00000016 6008            STR              R0, [R1]
   29 00000018         ;PASO 4; CONFIGURACION DEL GPIO, PCTL=0
   30 00000018 490E            LDR              R1, =GPIO_PORTF_PCTL_R
   31 0000001A 6808            LDR              R0, [R1]
   32 0000001C F420 6070       BIC              R0, R0,#0x00000F00
   33 00000020 6008            STR              R0, [R1]



ARM Macro Assembler    Page 2 


   34 00000022         ;PASO 5: ESPECIFICAR LA DIRECCION
   35 00000022 490D            LDR              R1, =GPIO_PORTF_DIR_R
   36 00000024 6808            LDR              R0, [R1]
   37 00000026 F040 0002       ORR              R0, R0,#0x02
   38 0000002A 6008            STR              R0, [R1]
   39 0000002C         ;PASO 6: LIMPIAR LOS BITS EN FUNCION ALTERNATIVA
   40 0000002C 490B            LDR              R1, =GPIO_PORTF_AFSEL_R
   41 0000002E 6808            LDR              R0, [R1]
   42 00000030 F020 0002       BIC              R0, R0,#0x02
   43 00000034 6008            STR              R0, [R1]
   44 00000036         ;PASO 7: HABILITAR EL PUERTO DIGITAL
   45 00000036 490A            LDR              R1, =GPIO_PORTF_DEN_R
   46 00000038 6808            LDR              R0, [R1]
   47 0000003A F020 0002       BIC              R0, R0,#0x02
   48 0000003E 6008            STR              R0, [R1]
   49 00000040         
   50 00000040         ;B Loop
   51 00000040         
   52 00000040         ACTIVAR
   53 00000040         
   54 00000040 4908            LDR              R1, =PF1
   55 00000042 F04F 0102       MOV              R1, #0x02
   56 00000046 6008            STR              R0, [R1]
   57 00000048 E7FA            B                ACTIVAR
   58 0000004A         
   59 0000004A 00 00           ALIGN
   60 0000004C                 END
              400FE608 
              40025528 
              4002552C 
              40025400 
              40025420 
              4002551C 
              40025008 
Command Line: --debug --xref --diag_suppress=9931 --cpu=Cortex-M4.fp.sp --apcs=
interwork --depend=.\objects\gpio.d -o.\objects\gpio.o -I.\RTE\_Target_1 -IC:\U
sers\Majo\AppData\Local\Arm\Packs\Keil\TM4C_DFP\1.1.0\Device\Include\TM4C123 -I
C:\Keil_v5\ARM\CMSIS\Include --predefine="__UVISION_VERSION SETA 529" --predefi
ne="TM4C123GH6PM SETA 1" --list=.\listings\gpio.lst GPIO.s



ARM Macro Assembler    Page 1 Alphabetic symbol ordering
Relocatable symbols

ACTIVAR 00000040

Symbol: ACTIVAR
   Definitions
      At line 52 in file GPIO.s
   Uses
      At line 57 in file GPIO.s
Comment: ACTIVAR used once
Start 00000000

Symbol: Start
   Definitions
      At line 14 in file GPIO.s
   Uses
      At line 12 in file GPIO.s
Comment: Start used once
codigo 00000000

Symbol: codigo
   Definitions
      At line 9 in file GPIO.s
   Uses
      None
Comment: codigo unused
3 symbols



ARM Macro Assembler    Page 1 Alphabetic symbol ordering
Absolute symbols

GPIO_PORTF_AFSEL_R 40025420

Symbol: GPIO_PORTF_AFSEL_R
   Definitions
      At line 5 in file GPIO.s
   Uses
      At line 40 in file GPIO.s
Comment: GPIO_PORTF_AFSEL_R used once
GPIO_PORTF_AMSEL_R 40025528

Symbol: GPIO_PORTF_AMSEL_R
   Definitions
      At line 2 in file GPIO.s
   Uses
      At line 25 in file GPIO.s
Comment: GPIO_PORTF_AMSEL_R used once
GPIO_PORTF_DEN_R 4002551C

Symbol: GPIO_PORTF_DEN_R
   Definitions
      At line 6 in file GPIO.s
   Uses
      At line 45 in file GPIO.s
Comment: GPIO_PORTF_DEN_R used once
GPIO_PORTF_DIR_R 40025400

Symbol: GPIO_PORTF_DIR_R
   Definitions
      At line 4 in file GPIO.s
   Uses
      At line 35 in file GPIO.s
Comment: GPIO_PORTF_DIR_R used once
GPIO_PORTF_PCTL_R 4002552C

Symbol: GPIO_PORTF_PCTL_R
   Definitions
      At line 3 in file GPIO.s
   Uses
      At line 30 in file GPIO.s
Comment: GPIO_PORTF_PCTL_R used once
PF1 40025008

Symbol: PF1
   Definitions
      At line 7 in file GPIO.s
   Uses
      At line 54 in file GPIO.s
Comment: PF1 used once
SYSCTL_RCGCGPIO_R 400FE608

Symbol: SYSCTL_RCGCGPIO_R
   Definitions
      At line 1 in file GPIO.s
   Uses
      At line 16 in file GPIO.s
Comment: SYSCTL_RCGCGPIO_R used once
7 symbols
345 symbols in table
