


ARM Macro Assembler    Page 1 


    1 00000000 400FE608 
                       SYSCTL_RCGCGPIO_R
                               EQU              0x400FE608  ; INICIO DEL RELOJ
    2 00000000 40025528 
                       GPIO_PORTF_AMSEL_R
                               EQU              0x40025528  ; ELIMINA EL ANALOG
                                                            O DEL PUERTO F
    3 00000000 4002552C 
                       GPIO_PORTF_PCTL_R
                               EQU              0x4002552C  ; CONFIGURACION GPI
                                                            O
    4 00000000 40025400 
                       GPIO_PORTF_DIR_R
                               EQU              0x40025400  ; DIRECCION DEL REG
                                                            ISTRO
    5 00000000 40025420 
                       GPIO_PORTF_AFSEL_R
                               EQU              0x40025420  ; ELIMINA CUALQUIER
                                                             OTRA SEÒAL DEL PUE
                                                            RTO
    6 00000000 4002551C 
                       GPIO_PORTF_DEN_R
                               EQU              0x4002551C  ; PUERTOS DIGITALES
                                                            
    7 00000000 40025010 
                       PF2     EQU              0x40025010  ; HABILITACION DEL 
                                                            PUERTO F2
    8 00000000 001E8480 
                       CONSTANTE
                               EQU              2000000
    9 00000000         
   10 00000000                 AREA             codigo, CODE, READONLY, ALIGN=2
   11 00000000                 THUMB                        ; ES ELQUE DEFINE E
                                                            L USO DE LAS INSTRU
                                                            CCIONES
   12 00000000         
   13 00000000                 EXPORT           Start       ;DECLARACION DE Sta
                                                            rt COMO GLOBAL
   14 00000000         
   15 00000000         Start                                ;PUNTO DE ENTRADA A
                                                             PARTIR DEL STARTUP
                                                            
   16 00000000         ;PASO 1: ACTIVACION DEL RELOJ PARA PUERTO F
   17 00000000 491A            LDR              R1, =SYSCTL_RCGCGPIO_R
   18 00000002 6808            LDR              R0, [R1]
   19 00000004 F040 0020       ORR              R0, R0,#0x20
   20 00000008 6008            STR              R0, [R1]
   21 0000000A BF00            NOP
   22 0000000C BF00            NOP
   23 0000000E         ;PASO 2: DESBLOQUEO DE PINES. EN ESTE CASO LOS PINES EST
                       AN LIBRES
   24 0000000E         ;EN ESTE PROGRAMA NO HAY PINES QUE NECESITEN DESBLOQUEO
   25 0000000E         ;PASO 3: DESHABILITAR FUNCION ANALOGICA
   26 0000000E 4918            LDR              R1, =GPIO_PORTF_AMSEL_R
   27 00000010 6808            LDR              R0, [R1]
   28 00000012 F020 0004       BIC              R0, R0,#0x04
   29 00000016 6008            STR              R0, [R1]
   30 00000018         ;PASO 4; CONFIGURACION DEL GPIO, PCTL=0
   31 00000018 4916            LDR              R1, =GPIO_PORTF_PCTL_R



ARM Macro Assembler    Page 2 


   32 0000001A 6808            LDR              R0, [R1]
   33 0000001C F420 6070       BIC              R0, R0,#0x00000F00
   34 00000020 6008            STR              R0, [R1]
   35 00000022         ;PASO 5: ESPECIFICAR LA DIRECCION
   36 00000022 4915            LDR              R1, =GPIO_PORTF_DIR_R
   37 00000024 6808            LDR              R0, [R1]
   38 00000026 F040 0004       ORR              R0, R0,#0x04
   39 0000002A 6008            STR              R0, [R1]
   40 0000002C         ;PASO 6: LIMPIAR LOS BITS EN FUNCION ALTERNATIVA
   41 0000002C 4913            LDR              R1, =GPIO_PORTF_AFSEL_R
   42 0000002E 6808            LDR              R0, [R1]
   43 00000030 F020 0004       BIC              R0, R0,#0x04
   44 00000034 6008            STR              R0, [R1]
   45 00000036         ;PASO 7: HABILITAR EL PUERTO DIGITAL
   46 00000036 4912            LDR              R1, =GPIO_PORTF_DEN_R
   47 00000038 6808            LDR              R0, [R1]
   48 0000003A F020 0004       BIC              R0, R0,#0x04
   49 0000003E 6008            STR              R0, [R1]
   50 00000040         
   51 00000040 E008            B                Loop
   52 00000042         
   53 00000042         PAUSA                                ;RETARDO DE 1s
   54 00000042 F100 0001       ADD              R0, #1
   55 00000046 BF00            NOP
   56 00000048 BF00            NOP
   57 0000004A BF00            NOP
   58 0000004C BF00            NOP
   59 0000004E 4288            CMP              R0, R1
   60 00000050 D1F7            BNE              PAUSA
   61 00000052 4770            BX               LR          ;BIFURCACION, DETER
                                                            MINA EL ESTADO DEL 
                                                            PROCESADOR
   62 00000054         
   63 00000054         Loop                                 ;CICLO PARA ENCENDE
                                                            R Y APAGAR EL LED 
   64 00000054         ;CARGAR EN R0 EL CONTENIDO DE LA DIRECCION DE MEMORIA A 
                       LA QUE 
   65 00000054         ;APUNTA R1 (PF2)
   66 00000054 490B            LDR              R1, =PF2
   67 00000056 6808            LDR              R0, [R1]
   68 00000058         ;LED NEGADO
   69 00000058 F080 0004       EOR              R0, R0, #0x04 ; XOR
   70 0000005C 6008            STR              R0, [R1]
   71 0000005E         ;REINICIAMOS LA PAUSA
   72 0000005E F04F 0000       LDR              R0, =0
   73 00000062 4909            LDR              R1, =CONSTANTE
   74 00000064 F7FF FFED       BL               PAUSA
   75 00000068         ;REPETICION
   76 00000068 E7F4            B                Loop
   77 0000006A         
   78 0000006A 00 00           ALIGN
   79 0000006C                 END
              400FE608 
              40025528 
              4002552C 
              40025400 
              40025420 
              4002551C 
              40025010 



ARM Macro Assembler    Page 3 


              001E8480 
Command Line: --debug --xref --diag_suppress=9931 --cpu=Cortex-M4.fp.sp --apcs=
interwork --depend=.\objects\leds.d -o.\objects\leds.o -I.\RTE\_Target_1 -IC:\U
sers\Majo\AppData\Local\Arm\Packs\Keil\TM4C_DFP\1.1.0\Device\Include\TM4C123 -I
C:\Keil_v5\ARM\CMSIS\Include --predefine="__UVISION_VERSION SETA 529" --predefi
ne="TM4C123GH6PM SETA 1" --list=.\listings\leds.lst LEDS.s



ARM Macro Assembler    Page 1 Alphabetic symbol ordering
Relocatable symbols

Loop 00000054

Symbol: Loop
   Definitions
      At line 63 in file LEDS.s
   Uses
      At line 51 in file LEDS.s
      At line 76 in file LEDS.s

PAUSA 00000042

Symbol: PAUSA
   Definitions
      At line 53 in file LEDS.s
   Uses
      At line 60 in file LEDS.s
      At line 74 in file LEDS.s

Start 00000000

Symbol: Start
   Definitions
      At line 15 in file LEDS.s
   Uses
      At line 13 in file LEDS.s
Comment: Start used once
codigo 00000000

Symbol: codigo
   Definitions
      At line 10 in file LEDS.s
   Uses
      None
Comment: codigo unused
4 symbols



ARM Macro Assembler    Page 1 Alphabetic symbol ordering
Absolute symbols

CONSTANTE 001E8480

Symbol: CONSTANTE
   Definitions
      At line 8 in file LEDS.s
   Uses
      At line 73 in file LEDS.s
Comment: CONSTANTE used once
GPIO_PORTF_AFSEL_R 40025420

Symbol: GPIO_PORTF_AFSEL_R
   Definitions
      At line 5 in file LEDS.s
   Uses
      At line 41 in file LEDS.s
Comment: GPIO_PORTF_AFSEL_R used once
GPIO_PORTF_AMSEL_R 40025528

Symbol: GPIO_PORTF_AMSEL_R
   Definitions
      At line 2 in file LEDS.s
   Uses
      At line 26 in file LEDS.s
Comment: GPIO_PORTF_AMSEL_R used once
GPIO_PORTF_DEN_R 4002551C

Symbol: GPIO_PORTF_DEN_R
   Definitions
      At line 6 in file LEDS.s
   Uses
      At line 46 in file LEDS.s
Comment: GPIO_PORTF_DEN_R used once
GPIO_PORTF_DIR_R 40025400

Symbol: GPIO_PORTF_DIR_R
   Definitions
      At line 4 in file LEDS.s
   Uses
      At line 36 in file LEDS.s
Comment: GPIO_PORTF_DIR_R used once
GPIO_PORTF_PCTL_R 4002552C

Symbol: GPIO_PORTF_PCTL_R
   Definitions
      At line 3 in file LEDS.s
   Uses
      At line 31 in file LEDS.s
Comment: GPIO_PORTF_PCTL_R used once
PF2 40025010

Symbol: PF2
   Definitions
      At line 7 in file LEDS.s
   Uses
      At line 66 in file LEDS.s
Comment: PF2 used once
SYSCTL_RCGCGPIO_R 400FE608

Symbol: SYSCTL_RCGCGPIO_R



ARM Macro Assembler    Page 2 Alphabetic symbol ordering
Absolute symbols

   Definitions
      At line 1 in file LEDS.s
   Uses
      At line 17 in file LEDS.s
Comment: SYSCTL_RCGCGPIO_R used once
8 symbols
347 symbols in table
