


ARM Macro Assembler    Page 1 


    1 00000000 400FE608 
                       SYSCTL_RCGCGPIO_R
                               EQU              0x400FE608  ; INICIO DEL RELOJ
    2 00000000 40025528 
                       GPIO_PORTF_AMSEL_R
                               EQU              0x40025528  ; ELIMINA EL ANALOG
                                                            O DEL PUERTO F
    3 00000000 4002552C 
                       GPIO_PORTF_PCTL_R
                               EQU              0x4002552C  ; CONFIGURACION GPI
                                                            O
    4 00000000 40025400 
                       GPIO_PORTF_DIR_R
                               EQU              0x40025400  ; DIRECCION DEL REG
                                                            ISTRO
    5 00000000 40025420 
                       GPIO_PORTF_AFSEL_R
                               EQU              0x40025420  ; ELIMINA CUALQUIER
                                                             OTRA SEÒAL DEL PUE
                                                            RTO
    6 00000000 4002551C 
                       GPIO_PORTF_DEN_R
                               EQU              0x4002551C  ; PUERTOS DIGITALES
                                                            
    7 00000000 40025004 
                       PF0     EQU              0x40025004  ; HABILITACION DEL 
                                                            PUERTO F0
    8 00000000 40025018 
                       PF12    EQU              0x40025018  ; HABILITACION DEL 
                                                            PUERTO F12
    9 00000000 40025520 
                       GPIO_PORTF_LOCK_R
                               EQU              0x40025520  ; CODIGO DE DESBLOQ
                                                            UEO
   10 00000000 4C4F434B 
                       GPIO_LOCK_KEY
                               EQU              0x4C4F434B  ; LLAVE PARA DESBLO
                                                            QUEO
   11 00000000 40025524 
                       GPIO_PORF_CR_R
                               EQU              0x40025524
   12 00000000 000F4240 
                       CONSTANTE
                               EQU              1000000
   13 00000000         
   14 00000000                 AREA             codigo, CODE, READONLY, ALIGN=2
   15 00000000                 THUMB                        ; ES ELQUE DEFINE E
                                                            L USO DE LAS INSTRU
                                                            CCIONES
   16 00000000         
   17 00000000                 EXPORT           Start       ;DECLARACION DE Sta
                                                            rt COMO GLOBAL
   18 00000000         
   19 00000000         Start                                ;PUNTO DE ENTRADA A
                                                             PARTIR DEL STARTUP
                                                            
   20 00000000         ;PASO 1: ACTIVACION DEL RELOJ PARA PUERTO F
   21 00000000 4925            LDR              R1, =SYSCTL_RCGCGPIO_R
   22 00000002 6808            LDR              R0, [R1]



ARM Macro Assembler    Page 2 


   23 00000004 F040 0020       ORR              R0, R0,#0x20
   24 00000008 6008            STR              R0, [R1]
   25 0000000A BF00            NOP
   26 0000000C BF00            NOP
   27 0000000E         ;PASO 2: DESBLOQUEO DE PINES. EN ESTE CASO LOS PINES EST
                       AN LIBRES
   28 0000000E 4923            LDR              R1, =GPIO_PORTF_LOCK_R
   29 00000010 4823            LDR              R0, =GPIO_LOCK_KEY
   30 00000012 6008            STR              R0, [R1]
   31 00000014 4923            LDR              R1, =GPIO_PORF_CR_R
   32 00000016 F04F 00FF       MOV              R0, #0xFF
   33 0000001A 6008            STR              R0, [R1]
   34 0000001C         ;PASO 3: DESHABILITAR FUNCION ANALOGICA
   35 0000001C 4922            LDR              R1, =GPIO_PORTF_AMSEL_R
   36 0000001E 6808            LDR              R0, [R1]
   37 00000020 F020 0007       BIC              R0, R0,#0x07
   38 00000024 6008            STR              R0, [R1]
   39 00000026         ;PASO 4; CONFIGURACION DEL GPIO, PCTL=0
   40 00000026 4921            LDR              R1, =GPIO_PORTF_PCTL_R
   41 00000028 6808            LDR              R0, [R1]
   42 0000002A F020 00FF       BIC              R0, R0,#0x000000FF
   43 0000002E F420 6070       BIC              R0, R0,#0x00000F00
   44 00000032 6008            STR              R0, [R1]
   45 00000034         ;PASO 5: ESPECIFICAR LA DIRECCION PF12
   46 00000034 491E            LDR              R1, =GPIO_PORTF_DIR_R
   47 00000036 6808            LDR              R0, [R1]
   48 00000038 F040 0006       ORR              R0, R0,#0x06
   49 0000003C 6008            STR              R0, [R1]
   50 0000003E         ;PASO 5: ESPECIFICAR LA DIRECCION PF0
   51 0000003E 491C            LDR              R1, =GPIO_PORTF_DIR_R
   52 00000040 6808            LDR              R0, [R1]
   53 00000042 F040 0001       ORR              R0, R0,#0x01
   54 00000046 6008            STR              R0, [R1]
   55 00000048         ;PASO 6: LIMPIAR LOS BITS EN FUNCION ALTERNATIVA
   56 00000048 491A            LDR              R1, =GPIO_PORTF_AFSEL_R
   57 0000004A 6808            LDR              R0, [R1]
   58 0000004C F020 0007       BIC              R0, R0,#0x07
   59 00000050 6008            STR              R0, [R1]
   60 00000052         ;PASO 7: HABILITAR EL PUERTO DIGITAL
   61 00000052 4919            LDR              R1, =GPIO_PORTF_DEN_R
   62 00000054 6808            LDR              R0, [R1]
   63 00000056 F020 0007       BIC              R0, R0,#0x07
   64 0000005A 6008            STR              R0, [R1]
   65 0000005C         
   66 0000005C         
   67 0000005C 4B17            LDR              R3, =CONSTANTE
   68 0000005E E012            B                Loop
   69 00000060         
   70 00000060         PAUSA                                ;RETARDO DE 1/2 s
   71 00000060 F102 0201       ADD              R2, #1
   72 00000064 BF00            NOP
   73 00000066 BF00            NOP
   74 00000068 BF00            NOP
   75 0000006A BF00            NOP
   76 0000006C 429A            CMP              R2, R3
   77 0000006E D1F7            BNE              PAUSA
   78 00000070 4770            BX               LR          ;BIFURCACION, DETER
                                                            MINA EL ESTADO DEL 
                                                            PROCESADOR



ARM Macro Assembler    Page 3 


   79 00000072         
   80 00000072         ENCENDIDO
   81 00000072 4B13            LDR              R3, =PF12
   82 00000074 F04F 0406       LDR              R4, =0x06
   83 00000078 602C            STR              R4, [R5]
   84 0000007A E004            B                Loop
   85 0000007C         
   86 0000007C         APAGADO
   87 0000007C 4B10            LDR              R3, =PF12
   88 0000007E F04F 0400       LDR              R4, =0x00
   89 00000082 602C            STR              R4, [R5]
   90 00000084 E7FF            B                Loop
   91 00000086         
   92 00000086         Loop                                 ;CICLO PARA ENCENDE
                                                            R Y APAGAR EL LED 
   93 00000086         ;CARGAR EN R0 EL CONTENIDO DE LA DIRECCION DE MEMORIA A 
                       LA QUE 
   94 00000086         ;APUNTA R1 (PF2)
   95 00000086 490F            LDR              R1, =PF0
   96 00000088 6808            LDR              R0, [R1]
   97 0000008A         
   98 0000008A F04F 0200       LDR              R2, =0
   99 0000008E         ;IF(F0=1) ENCENDER EL LED, IF(F0=0) APAGAR EL LED
  100 0000008E 2801            CMP              R0,#0x01
  101 00000090 D0EF            BEQ              ENCENDIDO
  102 00000092 2800            CMP              R0,#0x00
  103 00000094 D0F2            BEQ              APAGADO
  104 00000096         
  105 00000096 E7F6            B                Loop
  106 00000098         
  107 00000098                 ALIGN
  108 00000098                 END
              400FE608 
              40025520 
              4C4F434B 
              40025524 
              40025528 
              4002552C 
              40025400 
              40025420 
              4002551C 
              000F4240 
              40025018 
              40025004 
Command Line: --debug --xref --diag_suppress=9931 --cpu=Cortex-M4.fp.sp --apcs=
interwork --depend=.\objects\pulsadores.d -o.\objects\pulsadores.o -I.\RTE\_Tar
get_1 -IC:\Users\Majo\AppData\Local\Arm\Packs\Keil\TM4C_DFP\1.1.0\Device\Includ
e\TM4C123 -IC:\Keil_v5\ARM\CMSIS\Include --predefine="__UVISION_VERSION SETA 52
9" --predefine="TM4C123GH6PM SETA 1" --list=.\listings\pulsadores.lst PULSADORE
S.s



ARM Macro Assembler    Page 1 Alphabetic symbol ordering
Relocatable symbols

APAGADO 0000007C

Symbol: APAGADO
   Definitions
      At line 86 in file PULSADORES.s
   Uses
      At line 103 in file PULSADORES.s
Comment: APAGADO used once
ENCENDIDO 00000072

Symbol: ENCENDIDO
   Definitions
      At line 80 in file PULSADORES.s
   Uses
      At line 101 in file PULSADORES.s
Comment: ENCENDIDO used once
Loop 00000086

Symbol: Loop
   Definitions
      At line 92 in file PULSADORES.s
   Uses
      At line 68 in file PULSADORES.s
      At line 84 in file PULSADORES.s
      At line 90 in file PULSADORES.s
      At line 105 in file PULSADORES.s

PAUSA 00000060

Symbol: PAUSA
   Definitions
      At line 70 in file PULSADORES.s
   Uses
      At line 77 in file PULSADORES.s
Comment: PAUSA used once
Start 00000000

Symbol: Start
   Definitions
      At line 19 in file PULSADORES.s
   Uses
      At line 17 in file PULSADORES.s
Comment: Start used once
codigo 00000000

Symbol: codigo
   Definitions
      At line 14 in file PULSADORES.s
   Uses
      None
Comment: codigo unused
6 symbols



ARM Macro Assembler    Page 1 Alphabetic symbol ordering
Absolute symbols

CONSTANTE 000F4240

Symbol: CONSTANTE
   Definitions
      At line 12 in file PULSADORES.s
   Uses
      At line 67 in file PULSADORES.s
Comment: CONSTANTE used once
GPIO_LOCK_KEY 4C4F434B

Symbol: GPIO_LOCK_KEY
   Definitions
      At line 10 in file PULSADORES.s
   Uses
      At line 29 in file PULSADORES.s
Comment: GPIO_LOCK_KEY used once
GPIO_PORF_CR_R 40025524

Symbol: GPIO_PORF_CR_R
   Definitions
      At line 11 in file PULSADORES.s
   Uses
      At line 31 in file PULSADORES.s
Comment: GPIO_PORF_CR_R used once
GPIO_PORTF_AFSEL_R 40025420

Symbol: GPIO_PORTF_AFSEL_R
   Definitions
      At line 5 in file PULSADORES.s
   Uses
      At line 56 in file PULSADORES.s
Comment: GPIO_PORTF_AFSEL_R used once
GPIO_PORTF_AMSEL_R 40025528

Symbol: GPIO_PORTF_AMSEL_R
   Definitions
      At line 2 in file PULSADORES.s
   Uses
      At line 35 in file PULSADORES.s
Comment: GPIO_PORTF_AMSEL_R used once
GPIO_PORTF_DEN_R 4002551C

Symbol: GPIO_PORTF_DEN_R
   Definitions
      At line 6 in file PULSADORES.s
   Uses
      At line 61 in file PULSADORES.s
Comment: GPIO_PORTF_DEN_R used once
GPIO_PORTF_DIR_R 40025400

Symbol: GPIO_PORTF_DIR_R
   Definitions
      At line 4 in file PULSADORES.s
   Uses
      At line 46 in file PULSADORES.s
      At line 51 in file PULSADORES.s

GPIO_PORTF_LOCK_R 40025520




ARM Macro Assembler    Page 2 Alphabetic symbol ordering
Absolute symbols

Symbol: GPIO_PORTF_LOCK_R
   Definitions
      At line 9 in file PULSADORES.s
   Uses
      At line 28 in file PULSADORES.s
Comment: GPIO_PORTF_LOCK_R used once
GPIO_PORTF_PCTL_R 4002552C

Symbol: GPIO_PORTF_PCTL_R
   Definitions
      At line 3 in file PULSADORES.s
   Uses
      At line 40 in file PULSADORES.s
Comment: GPIO_PORTF_PCTL_R used once
PF0 40025004

Symbol: PF0
   Definitions
      At line 7 in file PULSADORES.s
   Uses
      At line 95 in file PULSADORES.s
Comment: PF0 used once
PF12 40025018

Symbol: PF12
   Definitions
      At line 8 in file PULSADORES.s
   Uses
      At line 81 in file PULSADORES.s
      At line 87 in file PULSADORES.s

SYSCTL_RCGCGPIO_R 400FE608

Symbol: SYSCTL_RCGCGPIO_R
   Definitions
      At line 1 in file PULSADORES.s
   Uses
      At line 21 in file PULSADORES.s
Comment: SYSCTL_RCGCGPIO_R used once
12 symbols
353 symbols in table
